2025-02-16 10:21:55.110 -03:00 [DBG] NeedleworkDotNet version: 0.10.0.0
2025-02-16 10:21:55.160 -03:00 [DBG] OS description: Microsoft Windows 10.0.26100
2025-02-16 10:21:55.790 -03:00 [INF] Start processing HTTP request GET https://raw.githubusercontent.com/dysolix/hasagi-types/refs/heads/main/dist/lcu-events.d.ts
2025-02-16 10:21:55.796 -03:00 [INF] Sending HTTP request GET https://raw.githubusercontent.com/dysolix/hasagi-types/refs/heads/main/dist/lcu-events.d.ts
2025-02-16 10:21:55.799 -03:00 [INF] Start processing HTTP request GET https://raw.githubusercontent.com/dysolix/hasagi-types/main/swagger.json
2025-02-16 10:21:55.799 -03:00 [INF] Sending HTTP request GET https://raw.githubusercontent.com/dysolix/hasagi-types/main/swagger.json
2025-02-16 10:21:55.801 -03:00 [INF] Start processing HTTP request GET https://api.github.com/repos/BlossomiShymae/Needlework.Net/releases/latest
2025-02-16 10:21:55.801 -03:00 [INF] Sending HTTP request GET https://api.github.com/repos/BlossomiShymae/Needlework.Net/releases/latest
2025-02-16 10:21:56.155 -03:00 [INF] Received HTTP response headers after 352.3025ms - 200
2025-02-16 10:21:56.158 -03:00 [INF] End processing HTTP request after 357.54ms - 200
2025-02-16 10:21:56.216 -03:00 [INF] Received HTTP response headers after 419.5384ms - 200
2025-02-16 10:21:56.216 -03:00 [INF] End processing HTTP request after 434.2458ms - 200
2025-02-16 10:21:56.308 -03:00 [DBG] Initialized new connection: OnJsonApiEvent
2025-02-16 10:21:56.332 -03:00 [INF] Received HTTP response headers after 532.8458ms - 200
2025-02-16 10:21:56.332 -03:00 [INF] End processing HTTP request after 533.7313ms - 200
2025-02-16 10:22:37.901 -03:00 [DBG] Sending request: ["GET","/lol-chat/v1/blocked-players"]
2025-02-16 10:23:55.764 -03:00 [DBG] HttpMessageHandler expired after 120000ms for client ''
2025-02-16 10:24:05.775 -03:00 [DBG] Starting HttpMessageHandler cleanup cycle with 1 items
2025-02-16 10:24:05.777 -03:00 [DBG] Ending HttpMessageHandler cleanup cycle after 0.0396ms - processed: 0 items - remaining: 1 items
2025-02-16 10:24:15.790 -03:00 [DBG] Starting HttpMessageHandler cleanup cycle with 1 items
2025-02-16 10:24:15.790 -03:00 [DBG] Ending HttpMessageHandler cleanup cycle after 0.0038ms - processed: 0 items - remaining: 1 items
2025-02-16 10:24:25.795 -03:00 [DBG] Starting HttpMessageHandler cleanup cycle with 1 items
2025-02-16 10:24:25.795 -03:00 [DBG] Ending HttpMessageHandler cleanup cycle after 0.0034ms - processed: 0 items - remaining: 1 items
2025-02-16 10:24:35.805 -03:00 [DBG] Starting HttpMessageHandler cleanup cycle with 1 items
2025-02-16 10:24:35.806 -03:00 [DBG] Ending HttpMessageHandler cleanup cycle after 0.0036ms - processed: 0 items - remaining: 1 items
2025-02-16 10:24:45.811 -03:00 [DBG] Starting HttpMessageHandler cleanup cycle with 1 items
2025-02-16 10:24:45.811 -03:00 [DBG] Ending HttpMessageHandler cleanup cycle after 0.0042ms - processed: 0 items - remaining: 1 items
2025-02-16 10:24:55.824 -03:00 [DBG] Starting HttpMessageHandler cleanup cycle with 1 items
2025-02-16 10:24:55.824 -03:00 [DBG] Ending HttpMessageHandler cleanup cycle after 0.0038ms - processed: 0 items - remaining: 1 items
2025-02-16 10:25:05.835 -03:00 [DBG] Starting HttpMessageHandler cleanup cycle with 1 items
2025-02-16 10:25:05.835 -03:00 [DBG] Ending HttpMessageHandler cleanup cycle after 0.0033ms - processed: 0 items - remaining: 1 items
2025-02-16 10:25:15.842 -03:00 [DBG] Starting HttpMessageHandler cleanup cycle with 1 items
2025-02-16 10:25:15.842 -03:00 [DBG] Ending HttpMessageHandler cleanup cycle after 0.0034ms - processed: 0 items - remaining: 1 items
2025-02-16 10:25:25.855 -03:00 [DBG] Starting HttpMessageHandler cleanup cycle with 1 items
2025-02-16 10:25:25.855 -03:00 [DBG] Ending HttpMessageHandler cleanup cycle after 0.0039ms - processed: 0 items - remaining: 1 items
2025-02-16 10:25:35.863 -03:00 [DBG] Starting HttpMessageHandler cleanup cycle with 1 items
2025-02-16 10:25:35.864 -03:00 [DBG] Ending HttpMessageHandler cleanup cycle after 0.0038ms - processed: 0 items - remaining: 1 items
2025-02-16 10:25:45.868 -03:00 [DBG] Starting HttpMessageHandler cleanup cycle with 1 items
2025-02-16 10:25:45.868 -03:00 [DBG] Ending HttpMessageHandler cleanup cycle after 0.0036ms - processed: 0 items - remaining: 1 items
2025-02-16 10:25:55.876 -03:00 [DBG] Starting HttpMessageHandler cleanup cycle with 1 items
2025-02-16 10:25:55.876 -03:00 [DBG] Ending HttpMessageHandler cleanup cycle after 0.0034ms - processed: 0 items - remaining: 1 items
2025-02-16 10:26:05.888 -03:00 [DBG] Starting HttpMessageHandler cleanup cycle with 1 items
2025-02-16 10:26:05.888 -03:00 [DBG] Ending HttpMessageHandler cleanup cycle after 0.0031ms - processed: 0 items - remaining: 1 items
2025-02-16 10:26:15.898 -03:00 [DBG] Starting HttpMessageHandler cleanup cycle with 1 items
2025-02-16 10:26:15.898 -03:00 [DBG] Ending HttpMessageHandler cleanup cycle after 0.0037ms - processed: 0 items - remaining: 1 items
2025-02-16 10:26:25.901 -03:00 [DBG] Starting HttpMessageHandler cleanup cycle with 1 items
2025-02-16 10:26:25.901 -03:00 [DBG] Ending HttpMessageHandler cleanup cycle after 0.0035ms - processed: 0 items - remaining: 1 items
2025-02-16 10:26:35.916 -03:00 [DBG] Starting HttpMessageHandler cleanup cycle with 1 items
2025-02-16 10:26:35.916 -03:00 [DBG] Ending HttpMessageHandler cleanup cycle after 0.0029ms - processed: 0 items - remaining: 1 items
2025-02-16 10:26:45.925 -03:00 [DBG] Starting HttpMessageHandler cleanup cycle with 1 items
2025-02-16 10:26:45.925 -03:00 [DBG] Ending HttpMessageHandler cleanup cycle after 0.0043ms - processed: 0 items - remaining: 1 items
2025-02-16 10:26:55.932 -03:00 [DBG] Starting HttpMessageHandler cleanup cycle with 1 items
2025-02-16 10:26:55.932 -03:00 [DBG] Ending HttpMessageHandler cleanup cycle after 0.0042ms - processed: 0 items - remaining: 1 items
2025-02-16 10:27:05.944 -03:00 [DBG] Starting HttpMessageHandler cleanup cycle with 1 items
2025-02-16 10:27:05.944 -03:00 [DBG] Ending HttpMessageHandler cleanup cycle after 0.0042ms - processed: 0 items - remaining: 1 items
2025-02-16 10:27:15.945 -03:00 [DBG] Starting HttpMessageHandler cleanup cycle with 1 items
2025-02-16 10:27:15.945 -03:00 [DBG] Ending HttpMessageHandler cleanup cycle after 0.0045ms - processed: 0 items - remaining: 1 items
2025-02-16 10:27:25.957 -03:00 [DBG] Starting HttpMessageHandler cleanup cycle with 1 items
2025-02-16 10:27:25.957 -03:00 [DBG] Ending HttpMessageHandler cleanup cycle after 0.004ms - processed: 0 items - remaining: 1 items
2025-02-16 10:27:35.972 -03:00 [DBG] Starting HttpMessageHandler cleanup cycle with 1 items
2025-02-16 10:27:35.973 -03:00 [DBG] Ending HttpMessageHandler cleanup cycle after 0.0036ms - processed: 0 items - remaining: 1 items
2025-02-16 10:27:45.976 -03:00 [DBG] Starting HttpMessageHandler cleanup cycle with 1 items
2025-02-16 10:27:45.976 -03:00 [DBG] Ending HttpMessageHandler cleanup cycle after 0.0037ms - processed: 0 items - remaining: 1 items
2025-02-16 10:27:55.986 -03:00 [DBG] Starting HttpMessageHandler cleanup cycle with 1 items
2025-02-16 10:27:55.986 -03:00 [DBG] Ending HttpMessageHandler cleanup cycle after 0.0043ms - processed: 0 items - remaining: 1 items
2025-02-16 10:28:05.994 -03:00 [DBG] Starting HttpMessageHandler cleanup cycle with 1 items
2025-02-16 10:28:05.995 -03:00 [DBG] Ending HttpMessageHandler cleanup cycle after 0.0038ms - processed: 0 items - remaining: 1 items
2025-02-16 10:28:16.009 -03:00 [DBG] Starting HttpMessageHandler cleanup cycle with 1 items
2025-02-16 10:28:16.009 -03:00 [DBG] Ending HttpMessageHandler cleanup cycle after 0.0052ms - processed: 0 items - remaining: 1 items
2025-02-16 10:28:26.024 -03:00 [DBG] Starting HttpMessageHandler cleanup cycle with 1 items
2025-02-16 10:28:26.025 -03:00 [DBG] Ending HttpMessageHandler cleanup cycle after 0.0041ms - processed: 0 items - remaining: 1 items
2025-02-16 10:28:36.028 -03:00 [DBG] Starting HttpMessageHandler cleanup cycle with 1 items
2025-02-16 10:28:36.028 -03:00 [DBG] Ending HttpMessageHandler cleanup cycle after 0.0796ms - processed: 0 items - remaining: 1 items
2025-02-16 10:28:46.030 -03:00 [DBG] Starting HttpMessageHandler cleanup cycle with 1 items
2025-02-16 10:28:46.030 -03:00 [DBG] Ending HttpMessageHandler cleanup cycle after 0.0031ms - processed: 0 items - remaining: 1 items
2025-02-16 10:28:56.046 -03:00 [DBG] Starting HttpMessageHandler cleanup cycle with 1 items
2025-02-16 10:28:56.046 -03:00 [DBG] Ending HttpMessageHandler cleanup cycle after 0.0057ms - processed: 0 items - remaining: 1 items
2025-02-16 10:29:06.047 -03:00 [DBG] Starting HttpMessageHandler cleanup cycle with 1 items
2025-02-16 10:29:06.047 -03:00 [DBG] Ending HttpMessageHandler cleanup cycle after 0.0028ms - processed: 0 items - remaining: 1 items
2025-02-16 10:29:16.056 -03:00 [DBG] Starting HttpMessageHandler cleanup cycle with 1 items
2025-02-16 10:29:16.057 -03:00 [DBG] Ending HttpMessageHandler cleanup cycle after 0.0018ms - processed: 0 items - remaining: 1 items
2025-02-16 10:29:26.071 -03:00 [DBG] Starting HttpMessageHandler cleanup cycle with 1 items
2025-02-16 10:29:26.071 -03:00 [DBG] Ending HttpMessageHandler cleanup cycle after 0.0021ms - processed: 0 items - remaining: 1 items
2025-02-16 10:29:36.076 -03:00 [DBG] Starting HttpMessageHandler cleanup cycle with 1 items
2025-02-16 10:29:36.076 -03:00 [DBG] Ending HttpMessageHandler cleanup cycle after 0.0015ms - processed: 0 items - remaining: 1 items
2025-02-16 10:29:46.084 -03:00 [DBG] Starting HttpMessageHandler cleanup cycle with 1 items
2025-02-16 10:29:46.084 -03:00 [DBG] Ending HttpMessageHandler cleanup cycle after 0.0019ms - processed: 0 items - remaining: 1 items
2025-02-16 10:29:56.099 -03:00 [DBG] Starting HttpMessageHandler cleanup cycle with 1 items
2025-02-16 10:29:56.099 -03:00 [DBG] Ending HttpMessageHandler cleanup cycle after 0.0013ms - processed: 0 items - remaining: 1 items
2025-02-16 10:30:06.111 -03:00 [DBG] Starting HttpMessageHandler cleanup cycle with 1 items
2025-02-16 10:30:06.111 -03:00 [DBG] Ending HttpMessageHandler cleanup cycle after 0.0018ms - processed: 0 items - remaining: 1 items
2025-02-16 10:30:16.120 -03:00 [DBG] Starting HttpMessageHandler cleanup cycle with 1 items
2025-02-16 10:30:16.120 -03:00 [DBG] Ending HttpMessageHandler cleanup cycle after 0.0021ms - processed: 0 items - remaining: 1 items
2025-02-16 10:30:26.132 -03:00 [DBG] Starting HttpMessageHandler cleanup cycle with 1 items
2025-02-16 10:30:26.132 -03:00 [DBG] Ending HttpMessageHandler cleanup cycle after 0.0016ms - processed: 0 items - remaining: 1 items
2025-02-16 10:30:36.135 -03:00 [DBG] Starting HttpMessageHandler cleanup cycle with 1 items
2025-02-16 10:30:36.135 -03:00 [DBG] Ending HttpMessageHandler cleanup cycle after 0.0016ms - processed: 0 items - remaining: 1 items
2025-02-16 10:30:46.142 -03:00 [DBG] Starting HttpMessageHandler cleanup cycle with 1 items
2025-02-16 10:30:46.142 -03:00 [DBG] Ending HttpMessageHandler cleanup cycle after 0.0018ms - processed: 0 items - remaining: 1 items
2025-02-16 10:30:56.142 -03:00 [DBG] Starting HttpMessageHandler cleanup cycle with 1 items
2025-02-16 10:30:56.142 -03:00 [DBG] Ending HttpMessageHandler cleanup cycle after 0.0015ms - processed: 0 items - remaining: 1 items
2025-02-16 10:31:06.152 -03:00 [DBG] Starting HttpMessageHandler cleanup cycle with 1 items
2025-02-16 10:31:06.152 -03:00 [DBG] Ending HttpMessageHandler cleanup cycle after 0.0016ms - processed: 0 items - remaining: 1 items
2025-02-16 10:31:16.164 -03:00 [DBG] Starting HttpMessageHandler cleanup cycle with 1 items
2025-02-16 10:31:16.164 -03:00 [DBG] Ending HttpMessageHandler cleanup cycle after 0.0018ms - processed: 0 items - remaining: 1 items
2025-02-16 10:31:26.179 -03:00 [DBG] Starting HttpMessageHandler cleanup cycle with 1 items
2025-02-16 10:31:26.179 -03:00 [DBG] Ending HttpMessageHandler cleanup cycle after 0.0016ms - processed: 0 items - remaining: 1 items
2025-02-16 10:31:36.189 -03:00 [DBG] Starting HttpMessageHandler cleanup cycle with 1 items
2025-02-16 10:31:36.190 -03:00 [DBG] Ending HttpMessageHandler cleanup cycle after 0.0014ms - processed: 0 items - remaining: 1 items
2025-02-16 10:31:46.189 -03:00 [DBG] Starting HttpMessageHandler cleanup cycle with 1 items
2025-02-16 10:31:46.190 -03:00 [DBG] Ending HttpMessageHandler cleanup cycle after 0.0016ms - processed: 0 items - remaining: 1 items
2025-02-16 10:31:55.803 -03:00 [INF] Start processing HTTP request GET https://api.github.com/repos/BlossomiShymae/Needlework.Net/releases/latest
2025-02-16 10:31:55.803 -03:00 [INF] Sending HTTP request GET https://api.github.com/repos/BlossomiShymae/Needlework.Net/releases/latest
2025-02-16 10:31:56.083 -03:00 [INF] Received HTTP response headers after 279.9965ms - 200
2025-02-16 10:31:56.083 -03:00 [INF] End processing HTTP request after 280.333ms - 200
2025-02-16 10:31:56.192 -03:00 [DBG] Starting HttpMessageHandler cleanup cycle with 1 items
2025-02-16 10:31:56.192 -03:00 [DBG] Ending HttpMessageHandler cleanup cycle after 0.0019ms - processed: 0 items - remaining: 1 items
2025-02-16 10:32:06.195 -03:00 [DBG] Starting HttpMessageHandler cleanup cycle with 1 items
2025-02-16 10:32:06.195 -03:00 [DBG] Ending HttpMessageHandler cleanup cycle after 0.0019ms - processed: 0 items - remaining: 1 items
2025-02-16 10:32:16.209 -03:00 [DBG] Starting HttpMessageHandler cleanup cycle with 1 items
2025-02-16 10:32:16.209 -03:00 [DBG] Ending HttpMessageHandler cleanup cycle after 0.0016ms - processed: 0 items - remaining: 1 items
2025-02-16 10:32:26.210 -03:00 [DBG] Starting HttpMessageHandler cleanup cycle with 1 items
2025-02-16 10:32:26.210 -03:00 [DBG] Ending HttpMessageHandler cleanup cycle after 0.0016ms - processed: 0 items - remaining: 1 items
2025-02-16 10:32:36.214 -03:00 [DBG] Starting HttpMessageHandler cleanup cycle with 1 items
2025-02-16 10:32:36.214 -03:00 [DBG] Ending HttpMessageHandler cleanup cycle after 0.0017ms - processed: 0 items - remaining: 1 items
2025-02-16 10:32:46.222 -03:00 [DBG] Starting HttpMessageHandler cleanup cycle with 1 items
2025-02-16 10:32:46.230 -03:00 [DBG] Ending HttpMessageHandler cleanup cycle after 0.0027ms - processed: 0 items - remaining: 1 items
2025-02-16 10:32:56.235 -03:00 [DBG] Starting HttpMessageHandler cleanup cycle with 1 items
2025-02-16 10:32:56.235 -03:00 [DBG] Ending HttpMessageHandler cleanup cycle after 0.0016ms - processed: 0 items - remaining: 1 items
2025-02-16 10:33:06.250 -03:00 [DBG] Starting HttpMessageHandler cleanup cycle with 1 items
2025-02-16 10:33:06.250 -03:00 [DBG] Ending HttpMessageHandler cleanup cycle after 0.0033ms - processed: 0 items - remaining: 1 items
2025-02-16 10:33:16.260 -03:00 [DBG] Starting HttpMessageHandler cleanup cycle with 1 items
2025-02-16 10:33:16.260 -03:00 [DBG] Ending HttpMessageHandler cleanup cycle after 0.0014ms - processed: 0 items - remaining: 1 items
2025-02-16 10:33:26.263 -03:00 [DBG] Starting HttpMessageHandler cleanup cycle with 1 items
2025-02-16 10:33:26.264 -03:00 [DBG] Ending HttpMessageHandler cleanup cycle after 0.0018ms - processed: 0 items - remaining: 1 items
2025-02-16 10:33:36.271 -03:00 [DBG] Starting HttpMessageHandler cleanup cycle with 1 items
2025-02-16 10:33:36.271 -03:00 [DBG] Ending HttpMessageHandler cleanup cycle after 0.003ms - processed: 0 items - remaining: 1 items
2025-02-16 10:33:46.275 -03:00 [DBG] Starting HttpMessageHandler cleanup cycle with 1 items
2025-02-16 10:33:46.275 -03:00 [DBG] Ending HttpMessageHandler cleanup cycle after 0.0019ms - processed: 0 items - remaining: 1 items
2025-02-16 10:33:56.288 -03:00 [DBG] Starting HttpMessageHandler cleanup cycle with 1 items
2025-02-16 10:33:56.288 -03:00 [DBG] Ending HttpMessageHandler cleanup cycle after 0.0738ms - processed: 0 items - remaining: 1 items
2025-02-16 10:34:06.292 -03:00 [DBG] Starting HttpMessageHandler cleanup cycle with 1 items
2025-02-16 10:34:06.292 -03:00 [DBG] Ending HttpMessageHandler cleanup cycle after 0.0029ms - processed: 0 items - remaining: 1 items
2025-02-16 10:34:16.299 -03:00 [DBG] Starting HttpMessageHandler cleanup cycle with 1 items
2025-02-16 10:34:16.300 -03:00 [DBG] Ending HttpMessageHandler cleanup cycle after 0.0006ms - processed: 0 items - remaining: 1 items
2025-02-16 10:34:26.300 -03:00 [DBG] Starting HttpMessageHandler cleanup cycle with 1 items
2025-02-16 10:34:26.300 -03:00 [DBG] Ending HttpMessageHandler cleanup cycle after 0.0008ms - processed: 0 items - remaining: 1 items
2025-02-16 10:34:36.305 -03:00 [DBG] Starting HttpMessageHandler cleanup cycle with 1 items
2025-02-16 10:34:36.305 -03:00 [DBG] Ending HttpMessageHandler cleanup cycle after 0.0005ms - processed: 0 items - remaining: 1 items
2025-02-16 10:34:46.316 -03:00 [DBG] Starting HttpMessageHandler cleanup cycle with 1 items
2025-02-16 10:34:46.316 -03:00 [DBG] Ending HttpMessageHandler cleanup cycle after 0.0006ms - processed: 0 items - remaining: 1 items
2025-02-16 10:34:56.315 -03:00 [DBG] Starting HttpMessageHandler cleanup cycle with 1 items
2025-02-16 10:34:56.316 -03:00 [DBG] Ending HttpMessageHandler cleanup cycle after 0.0009ms - processed: 0 items - remaining: 1 items
2025-02-16 10:35:06.317 -03:00 [DBG] Starting HttpMessageHandler cleanup cycle with 1 items
2025-02-16 10:35:06.317 -03:00 [DBG] Ending HttpMessageHandler cleanup cycle after 0.0004ms - processed: 0 items - remaining: 1 items
2025-02-16 10:35:16.319 -03:00 [DBG] Starting HttpMessageHandler cleanup cycle with 1 items
2025-02-16 10:35:16.319 -03:00 [DBG] Ending HttpMessageHandler cleanup cycle after 0.0008ms - processed: 0 items - remaining: 1 items
2025-02-16 10:35:26.321 -03:00 [DBG] Starting HttpMessageHandler cleanup cycle with 1 items
2025-02-16 10:35:26.321 -03:00 [DBG] Ending HttpMessageHandler cleanup cycle after 0.0007ms - processed: 0 items - remaining: 1 items
2025-02-16 10:35:36.327 -03:00 [DBG] Starting HttpMessageHandler cleanup cycle with 1 items
2025-02-16 10:35:36.327 -03:00 [DBG] Ending HttpMessageHandler cleanup cycle after 0.0006ms - processed: 0 items - remaining: 1 items
2025-02-16 10:35:46.332 -03:00 [DBG] Starting HttpMessageHandler cleanup cycle with 1 items
2025-02-16 10:35:46.332 -03:00 [DBG] Ending HttpMessageHandler cleanup cycle after 0.0004ms - processed: 0 items - remaining: 1 items
2025-02-16 10:35:56.346 -03:00 [DBG] Starting HttpMessageHandler cleanup cycle with 1 items
2025-02-16 10:35:56.347 -03:00 [DBG] Ending HttpMessageHandler cleanup cycle after 0.0006ms - processed: 0 items - remaining: 1 items
2025-02-16 10:36:06.355 -03:00 [DBG] Starting HttpMessageHandler cleanup cycle with 1 items
2025-02-16 10:36:06.355 -03:00 [DBG] Ending HttpMessageHandler cleanup cycle after 0.0005ms - processed: 0 items - remaining: 1 items
2025-02-16 10:36:16.366 -03:00 [DBG] Starting HttpMessageHandler cleanup cycle with 1 items
2025-02-16 10:36:16.366 -03:00 [DBG] Ending HttpMessageHandler cleanup cycle after 0.0008ms - processed: 0 items - remaining: 1 items
2025-02-16 10:36:26.380 -03:00 [DBG] Starting HttpMessageHandler cleanup cycle with 1 items
2025-02-16 10:36:26.381 -03:00 [DBG] Ending HttpMessageHandler cleanup cycle after 0.0004ms - processed: 0 items - remaining: 1 items
2025-02-16 10:36:36.383 -03:00 [DBG] Starting HttpMessageHandler cleanup cycle with 1 items
2025-02-16 10:36:36.383 -03:00 [DBG] Ending HttpMessageHandler cleanup cycle after 0.0011ms - processed: 0 items - remaining: 1 items
2025-02-16 10:36:46.397 -03:00 [DBG] Starting HttpMessageHandler cleanup cycle with 1 items
2025-02-16 10:36:46.397 -03:00 [DBG] Ending HttpMessageHandler cleanup cycle after 0.0007ms - processed: 0 items - remaining: 1 items
2025-02-16 10:36:56.399 -03:00 [DBG] Starting HttpMessageHandler cleanup cycle with 1 items
2025-02-16 10:36:56.399 -03:00 [DBG] Ending HttpMessageHandler cleanup cycle after 0.0007ms - processed: 0 items - remaining: 1 items
2025-02-16 10:37:06.400 -03:00 [DBG] Starting HttpMessageHandler cleanup cycle with 1 items
2025-02-16 10:37:06.400 -03:00 [DBG] Ending HttpMessageHandler cleanup cycle after 0.0007ms - processed: 0 items - remaining: 1 items
2025-02-16 10:37:16.409 -03:00 [DBG] Starting HttpMessageHandler cleanup cycle with 1 items
2025-02-16 10:37:16.409 -03:00 [DBG] Ending HttpMessageHandler cleanup cycle after 0.0009ms - processed: 0 items - remaining: 1 items
2025-02-16 10:37:26.422 -03:00 [DBG] Starting HttpMessageHandler cleanup cycle with 1 items
2025-02-16 10:37:26.423 -03:00 [DBG] Ending HttpMessageHandler cleanup cycle after 0.001ms - processed: 0 items - remaining: 1 items
2025-02-16 10:37:36.424 -03:00 [DBG] Starting HttpMessageHandler cleanup cycle with 1 items
2025-02-16 10:37:36.424 -03:00 [DBG] Ending HttpMessageHandler cleanup cycle after 0.0004ms - processed: 0 items - remaining: 1 items
2025-02-16 10:37:46.426 -03:00 [DBG] Starting HttpMessageHandler cleanup cycle with 1 items
2025-02-16 10:37:46.426 -03:00 [DBG] Ending HttpMessageHandler cleanup cycle after 0.0007ms - processed: 0 items - remaining: 1 items
2025-02-16 10:37:56.436 -03:00 [DBG] Starting HttpMessageHandler cleanup cycle with 1 items
2025-02-16 10:37:56.436 -03:00 [DBG] Ending HttpMessageHandler cleanup cycle after 0.0012ms - processed: 0 items - remaining: 1 items
2025-02-16 10:38:06.446 -03:00 [DBG] Starting HttpMessageHandler cleanup cycle with 1 items
2025-02-16 10:38:06.446 -03:00 [DBG] Ending HttpMessageHandler cleanup cycle after 0.0007ms - processed: 0 items - remaining: 1 items
2025-02-16 10:38:16.448 -03:00 [DBG] Starting HttpMessageHandler cleanup cycle with 1 items
2025-02-16 10:38:16.448 -03:00 [DBG] Ending HttpMessageHandler cleanup cycle after 0.0006ms - processed: 0 items - remaining: 1 items
2025-02-16 10:38:26.459 -03:00 [DBG] Starting HttpMessageHandler cleanup cycle with 1 items
2025-02-16 10:38:26.459 -03:00 [DBG] Ending HttpMessageHandler cleanup cycle after 0.0005ms - processed: 0 items - remaining: 1 items
2025-02-16 10:38:36.461 -03:00 [DBG] Starting HttpMessageHandler cleanup cycle with 1 items
2025-02-16 10:38:36.461 -03:00 [DBG] Ending HttpMessageHandler cleanup cycle after 0.0004ms - processed: 0 items - remaining: 1 items
2025-02-16 10:38:46.468 -03:00 [DBG] Starting HttpMessageHandler cleanup cycle with 1 items
2025-02-16 10:38:46.468 -03:00 [DBG] Ending HttpMessageHandler cleanup cycle after 0.0005ms - processed: 0 items - remaining: 1 items
2025-02-16 10:38:56.477 -03:00 [DBG] Starting HttpMessageHandler cleanup cycle with 1 items
2025-02-16 10:38:56.477 -03:00 [DBG] Ending HttpMessageHandler cleanup cycle after 0.0005ms - processed: 0 items - remaining: 1 items
2025-02-16 10:39:06.480 -03:00 [DBG] Starting HttpMessageHandler cleanup cycle with 1 items
2025-02-16 10:39:06.481 -03:00 [DBG] Ending HttpMessageHandler cleanup cycle after 0.0006ms - processed: 0 items - remaining: 1 items
2025-02-16 10:39:16.493 -03:00 [DBG] Starting HttpMessageHandler cleanup cycle with 1 items
2025-02-16 10:39:16.493 -03:00 [DBG] Ending HttpMessageHandler cleanup cycle after 0.0004ms - processed: 0 items - remaining: 1 items
2025-02-16 10:39:26.501 -03:00 [DBG] Starting HttpMessageHandler cleanup cycle with 1 items
2025-02-16 10:39:26.501 -03:00 [DBG] Ending HttpMessageHandler cleanup cycle after 0.0007ms - processed: 0 items - remaining: 1 items
2025-02-16 10:39:36.513 -03:00 [DBG] Starting HttpMessageHandler cleanup cycle with 1 items
2025-02-16 10:39:36.513 -03:00 [DBG] Ending HttpMessageHandler cleanup cycle after 0.0011ms - processed: 0 items - remaining: 1 items
2025-02-16 10:39:46.528 -03:00 [DBG] Starting HttpMessageHandler cleanup cycle with 1 items
2025-02-16 10:39:46.528 -03:00 [DBG] Ending HttpMessageHandler cleanup cycle after 0.0014ms - processed: 0 items - remaining: 1 items
2025-02-16 10:39:56.535 -03:00 [DBG] Starting HttpMessageHandler cleanup cycle with 1 items
2025-02-16 10:39:56.535 -03:00 [DBG] Ending HttpMessageHandler cleanup cycle after 0.0007ms - processed: 0 items - remaining: 1 items
2025-02-16 10:40:06.550 -03:00 [DBG] Starting HttpMessageHandler cleanup cycle with 1 items
2025-02-16 10:40:06.550 -03:00 [DBG] Ending HttpMessageHandler cleanup cycle after 0.0007ms - processed: 0 items - remaining: 1 items
2025-02-16 10:40:16.554 -03:00 [DBG] Starting HttpMessageHandler cleanup cycle with 1 items
2025-02-16 10:40:16.554 -03:00 [DBG] Ending HttpMessageHandler cleanup cycle after 0.0005ms - processed: 0 items - remaining: 1 items
2025-02-16 10:40:26.564 -03:00 [DBG] Starting HttpMessageHandler cleanup cycle with 1 items
2025-02-16 10:40:26.564 -03:00 [DBG] Ending HttpMessageHandler cleanup cycle after 0.0005ms - processed: 0 items - remaining: 1 items
2025-02-16 10:40:36.575 -03:00 [DBG] Starting HttpMessageHandler cleanup cycle with 1 items
2025-02-16 10:40:36.575 -03:00 [DBG] Ending HttpMessageHandler cleanup cycle after 0.0006ms - processed: 0 items - remaining: 1 items
2025-02-16 10:40:46.587 -03:00 [DBG] Starting HttpMessageHandler cleanup cycle with 1 items
2025-02-16 10:40:46.587 -03:00 [DBG] Ending HttpMessageHandler cleanup cycle after 0.0008ms - processed: 0 items - remaining: 1 items
2025-02-16 10:40:56.588 -03:00 [DBG] Starting HttpMessageHandler cleanup cycle with 1 items
2025-02-16 10:40:56.588 -03:00 [DBG] Ending HttpMessageHandler cleanup cycle after 0.0006ms - processed: 0 items - remaining: 1 items
2025-02-16 10:41:06.591 -03:00 [DBG] Starting HttpMessageHandler cleanup cycle with 1 items
2025-02-16 10:41:06.591 -03:00 [DBG] Ending HttpMessageHandler cleanup cycle after 0.001ms - processed: 0 items - remaining: 1 items
2025-02-16 10:41:16.591 -03:00 [DBG] Starting HttpMessageHandler cleanup cycle with 1 items
2025-02-16 10:41:16.591 -03:00 [DBG] Ending HttpMessageHandler cleanup cycle after 0.0004ms - processed: 0 items - remaining: 1 items
2025-02-16 10:41:26.604 -03:00 [DBG] Starting HttpMessageHandler cleanup cycle with 1 items
2025-02-16 10:41:26.604 -03:00 [DBG] Ending HttpMessageHandler cleanup cycle after 0.001ms - processed: 0 items - remaining: 1 items
2025-02-16 10:41:36.619 -03:00 [DBG] Starting HttpMessageHandler cleanup cycle with 1 items
2025-02-16 10:41:36.619 -03:00 [DBG] Ending HttpMessageHandler cleanup cycle after 0.0012ms - processed: 0 items - remaining: 1 items
2025-02-16 10:41:46.632 -03:00 [DBG] Starting HttpMessageHandler cleanup cycle with 1 items
2025-02-16 10:41:46.632 -03:00 [DBG] Ending HttpMessageHandler cleanup cycle after 0.001ms - processed: 0 items - remaining: 1 items
2025-02-16 10:41:55.810 -03:00 [INF] Start processing HTTP request GET https://api.github.com/repos/BlossomiShymae/Needlework.Net/releases/latest
2025-02-16 10:41:55.811 -03:00 [INF] Sending HTTP request GET https://api.github.com/repos/BlossomiShymae/Needlework.Net/releases/latest
2025-02-16 10:41:56.077 -03:00 [INF] Received HTTP response headers after 266.3461ms - 200
2025-02-16 10:41:56.077 -03:00 [INF] End processing HTTP request after 266.7834ms - 200
2025-02-16 10:41:56.636 -03:00 [DBG] Starting HttpMessageHandler cleanup cycle with 1 items
2025-02-16 10:41:56.637 -03:00 [DBG] Ending HttpMessageHandler cleanup cycle after 0.0006ms - processed: 0 items - remaining: 1 items
2025-02-16 10:42:06.649 -03:00 [DBG] Starting HttpMessageHandler cleanup cycle with 1 items
2025-02-16 10:42:06.649 -03:00 [DBG] Ending HttpMessageHandler cleanup cycle after 0.0011ms - processed: 0 items - remaining: 1 items
2025-02-16 10:42:16.658 -03:00 [DBG] Starting HttpMessageHandler cleanup cycle with 1 items
2025-02-16 10:42:16.658 -03:00 [DBG] Ending HttpMessageHandler cleanup cycle after 0.0004ms - processed: 0 items - remaining: 1 items
2025-02-16 10:42:26.669 -03:00 [DBG] Starting HttpMessageHandler cleanup cycle with 1 items
2025-02-16 10:42:26.669 -03:00 [DBG] Ending HttpMessageHandler cleanup cycle after 0.0009ms - processed: 0 items - remaining: 1 items
2025-02-16 10:42:36.680 -03:00 [DBG] Starting HttpMessageHandler cleanup cycle with 1 items
2025-02-16 10:42:36.680 -03:00 [DBG] Ending HttpMessageHandler cleanup cycle after 0.0009ms - processed: 0 items - remaining: 1 items
2025-02-16 10:42:46.694 -03:00 [DBG] Starting HttpMessageHandler cleanup cycle with 1 items
2025-02-16 10:42:46.694 -03:00 [DBG] Ending HttpMessageHandler cleanup cycle after 0.0004ms - processed: 0 items - remaining: 1 items
2025-02-16 10:42:56.710 -03:00 [DBG] Starting HttpMessageHandler cleanup cycle with 1 items
2025-02-16 10:42:56.710 -03:00 [DBG] Ending HttpMessageHandler cleanup cycle after 0.001ms - processed: 0 items - remaining: 1 items
2025-02-16 10:43:06.716 -03:00 [DBG] Starting HttpMessageHandler cleanup cycle with 1 items
2025-02-16 10:43:06.716 -03:00 [DBG] Ending HttpMessageHandler cleanup cycle after 0.0007ms - processed: 0 items - remaining: 1 items
2025-02-16 10:43:16.719 -03:00 [DBG] Starting HttpMessageHandler cleanup cycle with 1 items
2025-02-16 10:43:16.720 -03:00 [DBG] Ending HttpMessageHandler cleanup cycle after 0.0011ms - processed: 0 items - remaining: 1 items
2025-02-16 10:43:26.728 -03:00 [DBG] Starting HttpMessageHandler cleanup cycle with 1 items
2025-02-16 10:43:26.728 -03:00 [DBG] Ending HttpMessageHandler cleanup cycle after 0.0006ms - processed: 0 items - remaining: 1 items
2025-02-16 10:43:36.734 -03:00 [DBG] Starting HttpMessageHandler cleanup cycle with 1 items
2025-02-16 10:43:36.734 -03:00 [DBG] Ending HttpMessageHandler cleanup cycle after 0.0005ms - processed: 0 items - remaining: 1 items
2025-02-16 10:43:46.735 -03:00 [DBG] Starting HttpMessageHandler cleanup cycle with 1 items
2025-02-16 10:43:46.735 -03:00 [DBG] Ending HttpMessageHandler cleanup cycle after 0.0006ms - processed: 0 items - remaining: 1 items
2025-02-16 10:43:56.745 -03:00 [DBG] Starting HttpMessageHandler cleanup cycle with 1 items
2025-02-16 10:43:56.745 -03:00 [DBG] Ending HttpMessageHandler cleanup cycle after 0.0007ms - processed: 0 items - remaining: 1 items
2025-02-16 10:44:06.750 -03:00 [DBG] Starting HttpMessageHandler cleanup cycle with 1 items
2025-02-16 10:44:06.750 -03:00 [DBG] Ending HttpMessageHandler cleanup cycle after 0.0008ms - processed: 0 items - remaining: 1 items
2025-02-16 10:44:16.754 -03:00 [DBG] Starting HttpMessageHandler cleanup cycle with 1 items
2025-02-16 10:44:16.754 -03:00 [DBG] Ending HttpMessageHandler cleanup cycle after 0.0004ms - processed: 0 items - remaining: 1 items
2025-02-16 10:44:26.764 -03:00 [DBG] Starting HttpMessageHandler cleanup cycle with 1 items
2025-02-16 10:44:26.764 -03:00 [DBG] Ending HttpMessageHandler cleanup cycle after 0.0004ms - processed: 0 items - remaining: 1 items
2025-02-16 10:44:36.765 -03:00 [DBG] Starting HttpMessageHandler cleanup cycle with 1 items
2025-02-16 10:44:36.766 -03:00 [DBG] Ending HttpMessageHandler cleanup cycle after 0.0006ms - processed: 0 items - remaining: 1 items
2025-02-16 10:44:46.768 -03:00 [DBG] Starting HttpMessageHandler cleanup cycle with 1 items
2025-02-16 10:44:46.768 -03:00 [DBG] Ending HttpMessageHandler cleanup cycle after 0.0008ms - processed: 0 items - remaining: 1 items
2025-02-16 10:44:56.768 -03:00 [DBG] Starting HttpMessageHandler cleanup cycle with 1 items
2025-02-16 10:44:56.768 -03:00 [DBG] Ending HttpMessageHandler cleanup cycle after 0.0007ms - processed: 0 items - remaining: 1 items
2025-02-16 10:45:06.769 -03:00 [DBG] Starting HttpMessageHandler cleanup cycle with 1 items
2025-02-16 10:45:06.769 -03:00 [DBG] Ending HttpMessageHandler cleanup cycle after 0.0008ms - processed: 0 items - remaining: 1 items
2025-02-16 10:45:16.773 -03:00 [DBG] Starting HttpMessageHandler cleanup cycle with 1 items
2025-02-16 10:45:16.773 -03:00 [DBG] Ending HttpMessageHandler cleanup cycle after 0.0007ms - processed: 0 items - remaining: 1 items
2025-02-16 10:45:26.779 -03:00 [DBG] Starting HttpMessageHandler cleanup cycle with 1 items
2025-02-16 10:45:26.779 -03:00 [DBG] Ending HttpMessageHandler cleanup cycle after 0.0006ms - processed: 0 items - remaining: 1 items
2025-02-16 10:45:36.794 -03:00 [DBG] Starting HttpMessageHandler cleanup cycle with 1 items
2025-02-16 10:45:36.794 -03:00 [DBG] Ending HttpMessageHandler cleanup cycle after 0.0009ms - processed: 0 items - remaining: 1 items
2025-02-16 10:45:46.803 -03:00 [DBG] Starting HttpMessageHandler cleanup cycle with 1 items
2025-02-16 10:45:46.803 -03:00 [DBG] Ending HttpMessageHandler cleanup cycle after 0.0005ms - processed: 0 items - remaining: 1 items
2025-02-16 10:45:56.803 -03:00 [DBG] Starting HttpMessageHandler cleanup cycle with 1 items
2025-02-16 10:45:56.803 -03:00 [DBG] Ending HttpMessageHandler cleanup cycle after 0.0009ms - processed: 0 items - remaining: 1 items
2025-02-16 10:46:06.804 -03:00 [DBG] Starting HttpMessageHandler cleanup cycle with 1 items
2025-02-16 10:46:06.804 -03:00 [DBG] Ending HttpMessageHandler cleanup cycle after 0.0004ms - processed: 0 items - remaining: 1 items
2025-02-16 10:46:16.817 -03:00 [DBG] Starting HttpMessageHandler cleanup cycle with 1 items
2025-02-16 10:46:16.817 -03:00 [DBG] Ending HttpMessageHandler cleanup cycle after 0.0007ms - processed: 0 items - remaining: 1 items
2025-02-16 10:46:26.833 -03:00 [DBG] Starting HttpMessageHandler cleanup cycle with 1 items
2025-02-16 10:46:26.833 -03:00 [DBG] Ending HttpMessageHandler cleanup cycle after 0.0007ms - processed: 0 items - remaining: 1 items
2025-02-16 10:46:36.837 -03:00 [DBG] Starting HttpMessageHandler cleanup cycle with 1 items
2025-02-16 10:46:36.837 -03:00 [DBG] Ending HttpMessageHandler cleanup cycle after 0.0008ms - processed: 0 items - remaining: 1 items
2025-02-16 10:46:46.841 -03:00 [DBG] Starting HttpMessageHandler cleanup cycle with 1 items
2025-02-16 10:46:46.841 -03:00 [DBG] Ending HttpMessageHandler cleanup cycle after 0.0005ms - processed: 0 items - remaining: 1 items
2025-02-16 10:46:56.842 -03:00 [DBG] Starting HttpMessageHandler cleanup cycle with 1 items
2025-02-16 10:46:56.842 -03:00 [DBG] Ending HttpMessageHandler cleanup cycle after 0.0006ms - processed: 0 items - remaining: 1 items
2025-02-16 10:47:06.855 -03:00 [DBG] Starting HttpMessageHandler cleanup cycle with 1 items
2025-02-16 10:47:06.855 -03:00 [DBG] Ending HttpMessageHandler cleanup cycle after 0.0007ms - processed: 0 items - remaining: 1 items
2025-02-16 10:47:16.864 -03:00 [DBG] Starting HttpMessageHandler cleanup cycle with 1 items
2025-02-16 10:47:16.864 -03:00 [DBG] Ending HttpMessageHandler cleanup cycle after 0.001ms - processed: 0 items - remaining: 1 items
2025-02-16 10:47:26.871 -03:00 [DBG] Starting HttpMessageHandler cleanup cycle with 1 items
2025-02-16 10:47:26.871 -03:00 [DBG] Ending HttpMessageHandler cleanup cycle after 0.0006ms - processed: 0 items - remaining: 1 items
2025-02-16 10:47:36.886 -03:00 [DBG] Starting HttpMessageHandler cleanup cycle with 1 items
2025-02-16 10:47:36.887 -03:00 [DBG] Ending HttpMessageHandler cleanup cycle after 0.0011ms - processed: 0 items - remaining: 1 items
2025-02-16 10:47:46.899 -03:00 [DBG] Starting HttpMessageHandler cleanup cycle with 1 items
2025-02-16 10:47:46.899 -03:00 [DBG] Ending HttpMessageHandler cleanup cycle after 0.001ms - processed: 0 items - remaining: 1 items
2025-02-16 10:47:56.914 -03:00 [DBG] Starting HttpMessageHandler cleanup cycle with 1 items
2025-02-16 10:47:56.914 -03:00 [DBG] Ending HttpMessageHandler cleanup cycle after 0.0005ms - processed: 0 items - remaining: 1 items
2025-02-16 10:48:06.927 -03:00 [DBG] Starting HttpMessageHandler cleanup cycle with 1 items
2025-02-16 10:48:06.927 -03:00 [DBG] Ending HttpMessageHandler cleanup cycle after 0.0007ms - processed: 0 items - remaining: 1 items
2025-02-16 10:48:16.929 -03:00 [DBG] Starting HttpMessageHandler cleanup cycle with 1 items
2025-02-16 10:48:16.929 -03:00 [DBG] Ending HttpMessageHandler cleanup cycle after 0.0005ms - processed: 0 items - remaining: 1 items
2025-02-16 10:48:26.933 -03:00 [DBG] Starting HttpMessageHandler cleanup cycle with 1 items
2025-02-16 10:48:26.933 -03:00 [DBG] Ending HttpMessageHandler cleanup cycle after 0.0006ms - processed: 0 items - remaining: 1 items
2025-02-16 10:48:36.937 -03:00 [DBG] Starting HttpMessageHandler cleanup cycle with 1 items
2025-02-16 10:48:36.937 -03:00 [DBG] Ending HttpMessageHandler cleanup cycle after 0.0005ms - processed: 0 items - remaining: 1 items
2025-02-16 10:48:46.938 -03:00 [DBG] Starting HttpMessageHandler cleanup cycle with 1 items
2025-02-16 10:48:46.938 -03:00 [DBG] Ending HttpMessageHandler cleanup cycle after 0.0009ms - processed: 0 items - remaining: 1 items
2025-02-16 10:48:56.948 -03:00 [DBG] Starting HttpMessageHandler cleanup cycle with 1 items
2025-02-16 10:48:56.948 -03:00 [DBG] Ending HttpMessageHandler cleanup cycle after 0.0007ms - processed: 0 items - remaining: 1 items
2025-02-16 10:49:06.962 -03:00 [DBG] Starting HttpMessageHandler cleanup cycle with 1 items
2025-02-16 10:49:06.962 -03:00 [DBG] Ending HttpMessageHandler cleanup cycle after 0.0005ms - processed: 0 items - remaining: 1 items
2025-02-16 10:49:16.974 -03:00 [DBG] Starting HttpMessageHandler cleanup cycle with 1 items
2025-02-16 10:49:16.974 -03:00 [DBG] Ending HttpMessageHandler cleanup cycle after 0.0006ms - processed: 0 items - remaining: 1 items
2025-02-16 10:49:26.983 -03:00 [DBG] Starting HttpMessageHandler cleanup cycle with 1 items
2025-02-16 10:49:26.983 -03:00 [DBG] Ending HttpMessageHandler cleanup cycle after 0.0005ms - processed: 0 items - remaining: 1 items
2025-02-16 10:49:36.994 -03:00 [DBG] Starting HttpMessageHandler cleanup cycle with 1 items
2025-02-16 10:49:36.994 -03:00 [DBG] Ending HttpMessageHandler cleanup cycle after 0.0008ms - processed: 0 items - remaining: 1 items
2025-02-16 10:49:47.010 -03:00 [DBG] Starting HttpMessageHandler cleanup cycle with 1 items
2025-02-16 10:49:47.010 -03:00 [DBG] Ending HttpMessageHandler cleanup cycle after 0.0007ms - processed: 0 items - remaining: 1 items
2025-02-16 10:49:57.023 -03:00 [DBG] Starting HttpMessageHandler cleanup cycle with 1 items
2025-02-16 10:49:57.023 -03:00 [DBG] Ending HttpMessageHandler cleanup cycle after 0.0006ms - processed: 0 items - remaining: 1 items
2025-02-16 10:50:07.038 -03:00 [DBG] Starting HttpMessageHandler cleanup cycle with 1 items
2025-02-16 10:50:07.038 -03:00 [DBG] Ending HttpMessageHandler cleanup cycle after 0.0006ms - processed: 0 items - remaining: 1 items
2025-02-16 10:50:17.043 -03:00 [DBG] Starting HttpMessageHandler cleanup cycle with 1 items
2025-02-16 10:50:17.044 -03:00 [DBG] Ending HttpMessageHandler cleanup cycle after 0.001ms - processed: 0 items - remaining: 1 items
2025-02-16 10:50:27.058 -03:00 [DBG] Starting HttpMessageHandler cleanup cycle with 1 items
2025-02-16 10:50:27.058 -03:00 [DBG] Ending HttpMessageHandler cleanup cycle after 0.0006ms - processed: 0 items - remaining: 1 items
2025-02-16 10:50:37.068 -03:00 [DBG] Starting HttpMessageHandler cleanup cycle with 1 items
2025-02-16 10:50:37.068 -03:00 [DBG] Ending HttpMessageHandler cleanup cycle after 0.0008ms - processed: 0 items - remaining: 1 items
2025-02-16 10:50:47.079 -03:00 [DBG] Starting HttpMessageHandler cleanup cycle with 1 items
2025-02-16 10:50:47.079 -03:00 [DBG] Ending HttpMessageHandler cleanup cycle after 0.0007ms - processed: 0 items - remaining: 1 items
2025-02-16 10:50:57.086 -03:00 [DBG] Starting HttpMessageHandler cleanup cycle with 1 items
2025-02-16 10:50:57.086 -03:00 [DBG] Ending HttpMessageHandler cleanup cycle after 0.0008ms - processed: 0 items - remaining: 1 items
2025-02-16 10:51:07.097 -03:00 [DBG] Starting HttpMessageHandler cleanup cycle with 1 items
2025-02-16 10:51:07.097 -03:00 [DBG] Ending HttpMessageHandler cleanup cycle after 0.001ms - processed: 0 items - remaining: 1 items
2025-02-16 10:51:17.103 -03:00 [DBG] Starting HttpMessageHandler cleanup cycle with 1 items
2025-02-16 10:51:17.103 -03:00 [DBG] Ending HttpMessageHandler cleanup cycle after 0.0009ms - processed: 0 items - remaining: 1 items
2025-02-16 10:51:27.112 -03:00 [DBG] Starting HttpMessageHandler cleanup cycle with 1 items
2025-02-16 10:51:27.112 -03:00 [DBG] Ending HttpMessageHandler cleanup cycle after 0.0012ms - processed: 0 items - remaining: 1 items
2025-02-16 10:51:37.113 -03:00 [DBG] Starting HttpMessageHandler cleanup cycle with 1 items
2025-02-16 10:51:37.113 -03:00 [DBG] Ending HttpMessageHandler cleanup cycle after 0.0005ms - processed: 0 items - remaining: 1 items
2025-02-16 10:51:47.118 -03:00 [DBG] Starting HttpMessageHandler cleanup cycle with 1 items
2025-02-16 10:51:47.118 -03:00 [DBG] Ending HttpMessageHandler cleanup cycle after 0.0007ms - processed: 0 items - remaining: 1 items
2025-02-16 10:51:55.818 -03:00 [INF] Start processing HTTP request GET https://api.github.com/repos/BlossomiShymae/Needlework.Net/releases/latest
2025-02-16 10:51:55.818 -03:00 [INF] Sending HTTP request GET https://api.github.com/repos/BlossomiShymae/Needlework.Net/releases/latest
2025-02-16 10:51:56.091 -03:00 [INF] Received HTTP response headers after 273.2134ms - 200
2025-02-16 10:51:56.091 -03:00 [INF] End processing HTTP request after 273.6525ms - 200
2025-02-16 10:51:57.127 -03:00 [DBG] Starting HttpMessageHandler cleanup cycle with 1 items
2025-02-16 10:51:57.127 -03:00 [DBG] Ending HttpMessageHandler cleanup cycle after 0.0006ms - processed: 0 items - remaining: 1 items
2025-02-16 10:52:07.127 -03:00 [DBG] Starting HttpMessageHandler cleanup cycle with 1 items
2025-02-16 10:52:07.127 -03:00 [DBG] Ending HttpMessageHandler cleanup cycle after 0.0005ms - processed: 0 items - remaining: 1 items
2025-02-16 10:52:17.141 -03:00 [DBG] Starting HttpMessageHandler cleanup cycle with 1 items
2025-02-16 10:52:17.141 -03:00 [DBG] Ending HttpMessageHandler cleanup cycle after 0.0005ms - processed: 0 items - remaining: 1 items
2025-02-16 10:52:27.156 -03:00 [DBG] Starting HttpMessageHandler cleanup cycle with 1 items
2025-02-16 10:52:27.156 -03:00 [DBG] Ending HttpMessageHandler cleanup cycle after 0.0005ms - processed: 0 items - remaining: 1 items
2025-02-16 10:52:37.159 -03:00 [DBG] Starting HttpMessageHandler cleanup cycle with 1 items
2025-02-16 10:52:37.159 -03:00 [DBG] Ending HttpMessageHandler cleanup cycle after 0.0008ms - processed: 0 items - remaining: 1 items
2025-02-16 10:52:47.171 -03:00 [DBG] Starting HttpMessageHandler cleanup cycle with 1 items
2025-02-16 10:52:47.171 -03:00 [DBG] Ending HttpMessageHandler cleanup cycle after 0.001ms - processed: 0 items - remaining: 1 items
2025-02-16 10:52:57.174 -03:00 [DBG] Starting HttpMessageHandler cleanup cycle with 1 items
2025-02-16 10:52:57.174 -03:00 [DBG] Ending HttpMessageHandler cleanup cycle after 0.0005ms - processed: 0 items - remaining: 1 items
2025-02-16 10:53:07.189 -03:00 [DBG] Starting HttpMessageHandler cleanup cycle with 1 items
2025-02-16 10:53:07.189 -03:00 [DBG] Ending HttpMessageHandler cleanup cycle after 0.0008ms - processed: 0 items - remaining: 1 items
2025-02-16 10:53:17.196 -03:00 [DBG] Starting HttpMessageHandler cleanup cycle with 1 items
2025-02-16 10:53:17.196 -03:00 [DBG] Ending HttpMessageHandler cleanup cycle after 0.0004ms - processed: 0 items - remaining: 1 items
2025-02-16 10:53:27.201 -03:00 [DBG] Starting HttpMessageHandler cleanup cycle with 1 items
2025-02-16 10:53:27.202 -03:00 [DBG] Ending HttpMessageHandler cleanup cycle after 0.0006ms - processed: 0 items - remaining: 1 items
2025-02-16 10:53:37.205 -03:00 [DBG] Starting HttpMessageHandler cleanup cycle with 1 items
2025-02-16 10:53:37.205 -03:00 [DBG] Ending HttpMessageHandler cleanup cycle after 0.0006ms - processed: 0 items - remaining: 1 items
2025-02-16 10:53:47.217 -03:00 [DBG] Starting HttpMessageHandler cleanup cycle with 1 items
2025-02-16 10:53:47.217 -03:00 [DBG] Ending HttpMessageHandler cleanup cycle after 0.0006ms - processed: 0 items - remaining: 1 items
2025-02-16 10:53:57.227 -03:00 [DBG] Starting HttpMessageHandler cleanup cycle with 1 items
2025-02-16 10:53:57.227 -03:00 [DBG] Ending HttpMessageHandler cleanup cycle after 0.0004ms - processed: 0 items - remaining: 1 items
2025-02-16 10:54:07.240 -03:00 [DBG] Starting HttpMessageHandler cleanup cycle with 1 items
2025-02-16 10:54:07.240 -03:00 [DBG] Ending HttpMessageHandler cleanup cycle after 0.0009ms - processed: 0 items - remaining: 1 items
2025-02-16 10:54:17.251 -03:00 [DBG] Starting HttpMessageHandler cleanup cycle with 1 items
2025-02-16 10:54:17.251 -03:00 [DBG] Ending HttpMessageHandler cleanup cycle after 0.0006ms - processed: 0 items - remaining: 1 items
2025-02-16 10:54:27.263 -03:00 [DBG] Starting HttpMessageHandler cleanup cycle with 1 items
2025-02-16 10:54:27.263 -03:00 [DBG] Ending HttpMessageHandler cleanup cycle after 0.0007ms - processed: 0 items - remaining: 1 items
2025-02-16 10:54:37.270 -03:00 [DBG] Starting HttpMessageHandler cleanup cycle with 1 items
2025-02-16 10:54:37.270 -03:00 [DBG] Ending HttpMessageHandler cleanup cycle after 0.0005ms - processed: 0 items - remaining: 1 items
2025-02-16 10:54:47.284 -03:00 [DBG] Starting HttpMessageHandler cleanup cycle with 1 items
2025-02-16 10:54:47.284 -03:00 [DBG] Ending HttpMessageHandler cleanup cycle after 0.0006ms - processed: 0 items - remaining: 1 items
2025-02-16 10:54:57.287 -03:00 [DBG] Starting HttpMessageHandler cleanup cycle with 1 items
2025-02-16 10:54:57.287 -03:00 [DBG] Ending HttpMessageHandler cleanup cycle after 0.0005ms - processed: 0 items - remaining: 1 items
2025-02-16 10:55:07.291 -03:00 [DBG] Starting HttpMessageHandler cleanup cycle with 1 items
2025-02-16 10:55:07.292 -03:00 [DBG] Ending HttpMessageHandler cleanup cycle after 0.001ms - processed: 0 items - remaining: 1 items
2025-02-16 10:55:17.300 -03:00 [DBG] Starting HttpMessageHandler cleanup cycle with 1 items
2025-02-16 10:55:17.301 -03:00 [DBG] Ending HttpMessageHandler cleanup cycle after 0.0008ms - processed: 0 items - remaining: 1 items
2025-02-16 10:55:27.301 -03:00 [DBG] Starting HttpMessageHandler cleanup cycle with 1 items
2025-02-16 10:55:27.301 -03:00 [DBG] Ending HttpMessageHandler cleanup cycle after 0.0008ms - processed: 0 items - remaining: 1 items
2025-02-16 10:55:37.307 -03:00 [DBG] Starting HttpMessageHandler cleanup cycle with 1 items
2025-02-16 10:55:37.307 -03:00 [DBG] Ending HttpMessageHandler cleanup cycle after 0.0006ms - processed: 0 items - remaining: 1 items
2025-02-16 10:55:47.316 -03:00 [DBG] Starting HttpMessageHandler cleanup cycle with 1 items
2025-02-16 10:55:47.316 -03:00 [DBG] Ending HttpMessageHandler cleanup cycle after 0.001ms - processed: 0 items - remaining: 1 items
2025-02-16 10:55:57.328 -03:00 [DBG] Starting HttpMessageHandler cleanup cycle with 1 items
2025-02-16 10:55:57.329 -03:00 [DBG] Ending HttpMessageHandler cleanup cycle after 0.0005ms - processed: 0 items - remaining: 1 items
2025-02-16 10:56:07.330 -03:00 [DBG] Starting HttpMessageHandler cleanup cycle with 1 items
2025-02-16 10:56:07.330 -03:00 [DBG] Ending HttpMessageHandler cleanup cycle after 0.0005ms - processed: 0 items - remaining: 1 items
2025-02-16 10:56:17.345 -03:00 [DBG] Starting HttpMessageHandler cleanup cycle with 1 items
2025-02-16 10:56:17.345 -03:00 [DBG] Ending HttpMessageHandler cleanup cycle after 0.0006ms - processed: 0 items - remaining: 1 items
2025-02-16 10:56:27.348 -03:00 [DBG] Starting HttpMessageHandler cleanup cycle with 1 items
2025-02-16 10:56:27.348 -03:00 [DBG] Ending HttpMessageHandler cleanup cycle after 0.0006ms - processed: 0 items - remaining: 1 items
2025-02-16 10:56:37.354 -03:00 [DBG] Starting HttpMessageHandler cleanup cycle with 1 items
2025-02-16 10:56:37.354 -03:00 [DBG] Ending HttpMessageHandler cleanup cycle after 0.0004ms - processed: 0 items - remaining: 1 items
2025-02-16 10:56:47.362 -03:00 [DBG] Starting HttpMessageHandler cleanup cycle with 1 items
2025-02-16 10:56:47.362 -03:00 [DBG] Ending HttpMessageHandler cleanup cycle after 0.0008ms - processed: 0 items - remaining: 1 items
2025-02-16 10:56:57.369 -03:00 [DBG] Starting HttpMessageHandler cleanup cycle with 1 items
2025-02-16 10:56:57.369 -03:00 [DBG] Ending HttpMessageHandler cleanup cycle after 0.0006ms - processed: 0 items - remaining: 1 items
2025-02-16 10:57:07.380 -03:00 [DBG] Starting HttpMessageHandler cleanup cycle with 1 items
2025-02-16 10:57:07.380 -03:00 [DBG] Ending HttpMessageHandler cleanup cycle after 0.0006ms - processed: 0 items - remaining: 1 items
2025-02-16 10:57:17.382 -03:00 [DBG] Starting HttpMessageHandler cleanup cycle with 1 items
2025-02-16 10:57:17.382 -03:00 [DBG] Ending HttpMessageHandler cleanup cycle after 0.0008ms - processed: 0 items - remaining: 1 items
2025-02-16 10:57:27.381 -03:00 [DBG] Starting HttpMessageHandler cleanup cycle with 1 items
2025-02-16 10:57:27.382 -03:00 [DBG] Ending HttpMessageHandler cleanup cycle after 0.0004ms - processed: 0 items - remaining: 1 items
2025-02-16 10:57:37.390 -03:00 [DBG] Starting HttpMessageHandler cleanup cycle with 1 items
2025-02-16 10:57:37.390 -03:00 [DBG] Ending HttpMessageHandler cleanup cycle after 0.0005ms - processed: 0 items - remaining: 1 items
2025-02-16 10:57:47.397 -03:00 [DBG] Starting HttpMessageHandler cleanup cycle with 1 items
2025-02-16 10:57:47.397 -03:00 [DBG] Ending HttpMessageHandler cleanup cycle after 0.0008ms - processed: 0 items - remaining: 1 items
2025-02-16 10:57:57.402 -03:00 [DBG] Starting HttpMessageHandler cleanup cycle with 1 items
2025-02-16 10:57:57.402 -03:00 [DBG] Ending HttpMessageHandler cleanup cycle after 0.0007ms - processed: 0 items - remaining: 1 items
2025-02-16 10:58:07.404 -03:00 [DBG] Starting HttpMessageHandler cleanup cycle with 1 items
2025-02-16 10:58:07.405 -03:00 [DBG] Ending HttpMessageHandler cleanup cycle after 0.0004ms - processed: 0 items - remaining: 1 items
2025-02-16 10:58:17.416 -03:00 [DBG] Starting HttpMessageHandler cleanup cycle with 1 items
2025-02-16 10:58:17.416 -03:00 [DBG] Ending HttpMessageHandler cleanup cycle after 0.0004ms - processed: 0 items - remaining: 1 items
2025-02-16 10:58:27.417 -03:00 [DBG] Starting HttpMessageHandler cleanup cycle with 1 items
2025-02-16 10:58:27.417 -03:00 [DBG] Ending HttpMessageHandler cleanup cycle after 0.0005ms - processed: 0 items - remaining: 1 items
2025-02-16 10:58:37.432 -03:00 [DBG] Starting HttpMessageHandler cleanup cycle with 1 items
2025-02-16 10:58:37.432 -03:00 [DBG] Ending HttpMessageHandler cleanup cycle after 0.0006ms - processed: 0 items - remaining: 1 items
2025-02-16 10:58:47.446 -03:00 [DBG] Starting HttpMessageHandler cleanup cycle with 1 items
2025-02-16 10:58:47.446 -03:00 [DBG] Ending HttpMessageHandler cleanup cycle after 0.0005ms - processed: 0 items - remaining: 1 items
2025-02-16 10:58:57.447 -03:00 [DBG] Starting HttpMessageHandler cleanup cycle with 1 items
2025-02-16 10:58:57.447 -03:00 [DBG] Ending HttpMessageHandler cleanup cycle after 0.0006ms - processed: 0 items - remaining: 1 items
2025-02-16 10:59:07.456 -03:00 [DBG] Starting HttpMessageHandler cleanup cycle with 1 items
2025-02-16 10:59:07.456 -03:00 [DBG] Ending HttpMessageHandler cleanup cycle after 0.0007ms - processed: 0 items - remaining: 1 items
2025-02-16 10:59:17.463 -03:00 [DBG] Starting HttpMessageHandler cleanup cycle with 1 items
2025-02-16 10:59:17.463 -03:00 [DBG] Ending HttpMessageHandler cleanup cycle after 0.0006ms - processed: 0 items - remaining: 1 items
2025-02-16 10:59:27.464 -03:00 [DBG] Starting HttpMessageHandler cleanup cycle with 1 items
2025-02-16 10:59:27.464 -03:00 [DBG] Ending HttpMessageHandler cleanup cycle after 0.0005ms - processed: 0 items - remaining: 1 items
2025-02-16 10:59:37.465 -03:00 [DBG] Starting HttpMessageHandler cleanup cycle with 1 items
2025-02-16 10:59:37.465 -03:00 [DBG] Ending HttpMessageHandler cleanup cycle after 0.0007ms - processed: 0 items - remaining: 1 items
2025-02-16 10:59:47.481 -03:00 [DBG] Starting HttpMessageHandler cleanup cycle with 1 items
2025-02-16 10:59:47.481 -03:00 [DBG] Ending HttpMessageHandler cleanup cycle after 0.0005ms - processed: 0 items - remaining: 1 items
2025-02-16 10:59:57.494 -03:00 [DBG] Starting HttpMessageHandler cleanup cycle with 1 items
2025-02-16 10:59:57.494 -03:00 [DBG] Ending HttpMessageHandler cleanup cycle after 0.0003ms - processed: 0 items - remaining: 1 items
2025-02-16 11:00:07.501 -03:00 [DBG] Starting HttpMessageHandler cleanup cycle with 1 items
2025-02-16 11:00:07.501 -03:00 [DBG] Ending HttpMessageHandler cleanup cycle after 0.0007ms - processed: 0 items - remaining: 1 items
2025-02-16 11:00:17.501 -03:00 [DBG] Starting HttpMessageHandler cleanup cycle with 1 items
2025-02-16 11:00:17.501 -03:00 [DBG] Ending HttpMessageHandler cleanup cycle after 0.0005ms - processed: 0 items - remaining: 1 items
2025-02-16 11:00:27.516 -03:00 [DBG] Starting HttpMessageHandler cleanup cycle with 1 items
2025-02-16 11:00:27.516 -03:00 [DBG] Ending HttpMessageHandler cleanup cycle after 0.0003ms - processed: 0 items - remaining: 1 items
2025-02-16 11:00:37.520 -03:00 [DBG] Starting HttpMessageHandler cleanup cycle with 1 items
2025-02-16 11:00:37.520 -03:00 [DBG] Ending HttpMessageHandler cleanup cycle after 0.0007ms - processed: 0 items - remaining: 1 items
2025-02-16 11:00:47.532 -03:00 [DBG] Starting HttpMessageHandler cleanup cycle with 1 items
2025-02-16 11:00:47.532 -03:00 [DBG] Ending HttpMessageHandler cleanup cycle after 0.0004ms - processed: 0 items - remaining: 1 items
2025-02-16 11:00:57.545 -03:00 [DBG] Starting HttpMessageHandler cleanup cycle with 1 items
2025-02-16 11:00:57.546 -03:00 [DBG] Ending HttpMessageHandler cleanup cycle after 0.0008ms - processed: 0 items - remaining: 1 items
2025-02-16 11:01:07.552 -03:00 [DBG] Starting HttpMessageHandler cleanup cycle with 1 items
2025-02-16 11:01:07.552 -03:00 [DBG] Ending HttpMessageHandler cleanup cycle after 0.0005ms - processed: 0 items - remaining: 1 items
2025-02-16 11:01:17.565 -03:00 [DBG] Starting HttpMessageHandler cleanup cycle with 1 items
2025-02-16 11:01:17.565 -03:00 [DBG] Ending HttpMessageHandler cleanup cycle after 0.0007ms - processed: 0 items - remaining: 1 items
2025-02-16 11:01:27.577 -03:00 [DBG] Starting HttpMessageHandler cleanup cycle with 1 items
2025-02-16 11:01:27.577 -03:00 [DBG] Ending HttpMessageHandler cleanup cycle after 0.0007ms - processed: 0 items - remaining: 1 items
2025-02-16 11:01:37.588 -03:00 [DBG] Starting HttpMessageHandler cleanup cycle with 1 items
2025-02-16 11:01:37.588 -03:00 [DBG] Ending HttpMessageHandler cleanup cycle after 0.0006ms - processed: 0 items - remaining: 1 items
2025-02-16 11:01:47.600 -03:00 [DBG] Starting HttpMessageHandler cleanup cycle with 1 items
2025-02-16 11:01:47.600 -03:00 [DBG] Ending HttpMessageHandler cleanup cycle after 0.001ms - processed: 0 items - remaining: 1 items
2025-02-16 11:01:55.832 -03:00 [INF] Start processing HTTP request GET https://api.github.com/repos/BlossomiShymae/Needlework.Net/releases/latest
2025-02-16 11:01:55.832 -03:00 [INF] Sending HTTP request GET https://api.github.com/repos/BlossomiShymae/Needlework.Net/releases/latest
2025-02-16 11:01:56.100 -03:00 [INF] Received HTTP response headers after 267.8422ms - 200
2025-02-16 11:01:56.100 -03:00 [INF] End processing HTTP request after 268.2103ms - 200
2025-02-16 11:01:57.600 -03:00 [DBG] Starting HttpMessageHandler cleanup cycle with 1 items
2025-02-16 11:01:57.600 -03:00 [DBG] Ending HttpMessageHandler cleanup cycle after 0.0005ms - processed: 0 items - remaining: 1 items
2025-02-16 11:02:07.614 -03:00 [DBG] Starting HttpMessageHandler cleanup cycle with 1 items
2025-02-16 11:02:07.614 -03:00 [DBG] Ending HttpMessageHandler cleanup cycle after 0.0004ms - processed: 0 items - remaining: 1 items
2025-02-16 11:02:17.628 -03:00 [DBG] Starting HttpMessageHandler cleanup cycle with 1 items
2025-02-16 11:02:17.628 -03:00 [DBG] Ending HttpMessageHandler cleanup cycle after 0.0003ms - processed: 0 items - remaining: 1 items
2025-02-16 11:02:27.642 -03:00 [DBG] Starting HttpMessageHandler cleanup cycle with 1 items
2025-02-16 11:02:27.642 -03:00 [DBG] Ending HttpMessageHandler cleanup cycle after 0.0005ms - processed: 0 items - remaining: 1 items
2025-02-16 11:02:37.657 -03:00 [DBG] Starting HttpMessageHandler cleanup cycle with 1 items
2025-02-16 11:02:37.657 -03:00 [DBG] Ending HttpMessageHandler cleanup cycle after 0.0008ms - processed: 0 items - remaining: 1 items
2025-02-16 11:02:47.665 -03:00 [DBG] Starting HttpMessageHandler cleanup cycle with 1 items
2025-02-16 11:02:47.665 -03:00 [DBG] Ending HttpMessageHandler cleanup cycle after 0.0006ms - processed: 0 items - remaining: 1 items
2025-02-16 11:02:57.679 -03:00 [DBG] Starting HttpMessageHandler cleanup cycle with 1 items
2025-02-16 11:02:57.679 -03:00 [DBG] Ending HttpMessageHandler cleanup cycle after 0.0004ms - processed: 0 items - remaining: 1 items
2025-02-16 11:03:07.686 -03:00 [DBG] Starting HttpMessageHandler cleanup cycle with 1 items
2025-02-16 11:03:07.686 -03:00 [DBG] Ending HttpMessageHandler cleanup cycle after 0.0005ms - processed: 0 items - remaining: 1 items
2025-02-16 11:03:17.695 -03:00 [DBG] Starting HttpMessageHandler cleanup cycle with 1 items
2025-02-16 11:03:17.695 -03:00 [DBG] Ending HttpMessageHandler cleanup cycle after 0.0007ms - processed: 0 items - remaining: 1 items
2025-02-16 11:03:27.695 -03:00 [DBG] Starting HttpMessageHandler cleanup cycle with 1 items
2025-02-16 11:03:27.695 -03:00 [DBG] Ending HttpMessageHandler cleanup cycle after 0.0005ms - processed: 0 items - remaining: 1 items
2025-02-16 11:03:37.701 -03:00 [DBG] Starting HttpMessageHandler cleanup cycle with 1 items
2025-02-16 11:03:37.701 -03:00 [DBG] Ending HttpMessageHandler cleanup cycle after 0.0015ms - processed: 0 items - remaining: 1 items
2025-02-16 11:03:47.714 -03:00 [DBG] Starting HttpMessageHandler cleanup cycle with 1 items
2025-02-16 11:03:47.714 -03:00 [DBG] Ending HttpMessageHandler cleanup cycle after 0.0005ms - processed: 0 items - remaining: 1 items
2025-02-16 11:03:57.723 -03:00 [DBG] Starting HttpMessageHandler cleanup cycle with 1 items
2025-02-16 11:03:57.723 -03:00 [DBG] Ending HttpMessageHandler cleanup cycle after 0.0004ms - processed: 0 items - remaining: 1 items
2025-02-16 11:04:07.725 -03:00 [DBG] Starting HttpMessageHandler cleanup cycle with 1 items
2025-02-16 11:04:07.725 -03:00 [DBG] Ending HttpMessageHandler cleanup cycle after 0.0004ms - processed: 0 items - remaining: 1 items
2025-02-16 11:04:17.737 -03:00 [DBG] Starting HttpMessageHandler cleanup cycle with 1 items
2025-02-16 11:04:17.737 -03:00 [DBG] Ending HttpMessageHandler cleanup cycle after 0.0005ms - processed: 0 items - remaining: 1 items
2025-02-16 11:04:27.744 -03:00 [DBG] Starting HttpMessageHandler cleanup cycle with 1 items
2025-02-16 11:04:27.744 -03:00 [DBG] Ending HttpMessageHandler cleanup cycle after 0.0007ms - processed: 0 items - remaining: 1 items
2025-02-16 11:04:37.748 -03:00 [DBG] Starting HttpMessageHandler cleanup cycle with 1 items
2025-02-16 11:04:37.748 -03:00 [DBG] Ending HttpMessageHandler cleanup cycle after 0.0003ms - processed: 0 items - remaining: 1 items
2025-02-16 11:04:47.751 -03:00 [DBG] Starting HttpMessageHandler cleanup cycle with 1 items
2025-02-16 11:04:47.751 -03:00 [DBG] Ending HttpMessageHandler cleanup cycle after 0.0005ms - processed: 0 items - remaining: 1 items
2025-02-16 11:04:57.762 -03:00 [DBG] Starting HttpMessageHandler cleanup cycle with 1 items
2025-02-16 11:04:57.762 -03:00 [DBG] Ending HttpMessageHandler cleanup cycle after 0.0005ms - processed: 0 items - remaining: 1 items
2025-02-16 11:05:07.768 -03:00 [DBG] Starting HttpMessageHandler cleanup cycle with 1 items
2025-02-16 11:05:07.768 -03:00 [DBG] Ending HttpMessageHandler cleanup cycle after 0.0009ms - processed: 0 items - remaining: 1 items
2025-02-16 11:05:17.773 -03:00 [DBG] Starting HttpMessageHandler cleanup cycle with 1 items
2025-02-16 11:05:17.773 -03:00 [DBG] Ending HttpMessageHandler cleanup cycle after 0.0005ms - processed: 0 items - remaining: 1 items
2025-02-16 11:05:27.788 -03:00 [DBG] Starting HttpMessageHandler cleanup cycle with 1 items
2025-02-16 11:05:27.788 -03:00 [DBG] Ending HttpMessageHandler cleanup cycle after 0.0004ms - processed: 0 items - remaining: 1 items
2025-02-16 11:05:37.800 -03:00 [DBG] Starting HttpMessageHandler cleanup cycle with 1 items
2025-02-16 11:05:37.800 -03:00 [DBG] Ending HttpMessageHandler cleanup cycle after 0.0006ms - processed: 0 items - remaining: 1 items
2025-02-16 11:05:47.808 -03:00 [DBG] Starting HttpMessageHandler cleanup cycle with 1 items
2025-02-16 11:05:47.808 -03:00 [DBG] Ending HttpMessageHandler cleanup cycle after 0.0006ms - processed: 0 items - remaining: 1 items
2025-02-16 11:05:57.819 -03:00 [DBG] Starting HttpMessageHandler cleanup cycle with 1 items
2025-02-16 11:05:57.820 -03:00 [DBG] Ending HttpMessageHandler cleanup cycle after 0.0003ms - processed: 0 items - remaining: 1 items
2025-02-16 11:06:07.829 -03:00 [DBG] Starting HttpMessageHandler cleanup cycle with 1 items
2025-02-16 11:06:07.829 -03:00 [DBG] Ending HttpMessageHandler cleanup cycle after 0.0004ms - processed: 0 items - remaining: 1 items
2025-02-16 11:06:17.838 -03:00 [DBG] Starting HttpMessageHandler cleanup cycle with 1 items
2025-02-16 11:06:17.838 -03:00 [DBG] Ending HttpMessageHandler cleanup cycle after 0.0005ms - processed: 0 items - remaining: 1 items
2025-02-16 11:06:27.848 -03:00 [DBG] Starting HttpMessageHandler cleanup cycle with 1 items
2025-02-16 11:06:27.848 -03:00 [DBG] Ending HttpMessageHandler cleanup cycle after 0.0006ms - processed: 0 items - remaining: 1 items
2025-02-16 11:06:37.855 -03:00 [DBG] Starting HttpMessageHandler cleanup cycle with 1 items
2025-02-16 11:06:37.855 -03:00 [DBG] Ending HttpMessageHandler cleanup cycle after 0.0009ms - processed: 0 items - remaining: 1 items
2025-02-16 11:06:47.869 -03:00 [DBG] Starting HttpMessageHandler cleanup cycle with 1 items
2025-02-16 11:06:47.869 -03:00 [DBG] Ending HttpMessageHandler cleanup cycle after 0.0006ms - processed: 0 items - remaining: 1 items
2025-02-16 11:06:57.874 -03:00 [DBG] Starting HttpMessageHandler cleanup cycle with 1 items
2025-02-16 11:06:57.875 -03:00 [DBG] Ending HttpMessageHandler cleanup cycle after 0.0008ms - processed: 0 items - remaining: 1 items
2025-02-16 11:07:07.880 -03:00 [DBG] Starting HttpMessageHandler cleanup cycle with 1 items
2025-02-16 11:07:07.880 -03:00 [DBG] Ending HttpMessageHandler cleanup cycle after 0.0004ms - processed: 0 items - remaining: 1 items
2025-02-16 11:07:17.882 -03:00 [DBG] Starting HttpMessageHandler cleanup cycle with 1 items
2025-02-16 11:07:17.882 -03:00 [DBG] Ending HttpMessageHandler cleanup cycle after 0.001ms - processed: 0 items - remaining: 1 items
2025-02-16 11:07:27.885 -03:00 [DBG] Starting HttpMessageHandler cleanup cycle with 1 items
2025-02-16 11:07:27.885 -03:00 [DBG] Ending HttpMessageHandler cleanup cycle after 0.0002ms - processed: 0 items - remaining: 1 items
2025-02-16 11:07:37.894 -03:00 [DBG] Starting HttpMessageHandler cleanup cycle with 1 items
2025-02-16 11:07:37.894 -03:00 [DBG] Ending HttpMessageHandler cleanup cycle after 0.0003ms - processed: 0 items - remaining: 1 items
2025-02-16 11:07:47.895 -03:00 [DBG] Starting HttpMessageHandler cleanup cycle with 1 items
2025-02-16 11:07:47.895 -03:00 [DBG] Ending HttpMessageHandler cleanup cycle after 0.0014ms - processed: 0 items - remaining: 1 items
2025-02-16 11:07:57.908 -03:00 [DBG] Starting HttpMessageHandler cleanup cycle with 1 items
2025-02-16 11:07:57.908 -03:00 [DBG] Ending HttpMessageHandler cleanup cycle after 0.0003ms - processed: 0 items - remaining: 1 items
2025-02-16 11:08:06.315 -03:00 [DBG] Disposing old connection
2025-02-16 11:08:06.318 -03:00 [DBG] Initialized new connection: OnJsonApiEvent
2025-02-16 11:08:07.915 -03:00 [DBG] Starting HttpMessageHandler cleanup cycle with 1 items
2025-02-16 11:08:07.915 -03:00 [DBG] Ending HttpMessageHandler cleanup cycle after 0.0005ms - processed: 0 items - remaining: 1 items
2025-02-16 11:08:17.916 -03:00 [DBG] Starting HttpMessageHandler cleanup cycle with 1 items
2025-02-16 11:08:17.916 -03:00 [DBG] Ending HttpMessageHandler cleanup cycle after 0.0005ms - processed: 0 items - remaining: 1 items
2025-02-16 11:08:27.918 -03:00 [DBG] Starting HttpMessageHandler cleanup cycle with 1 items
2025-02-16 11:08:27.918 -03:00 [DBG] Ending HttpMessageHandler cleanup cycle after 0.0004ms - processed: 0 items - remaining: 1 items
2025-02-16 11:08:37.923 -03:00 [DBG] Starting HttpMessageHandler cleanup cycle with 1 items
2025-02-16 11:08:37.923 -03:00 [DBG] Ending HttpMessageHandler cleanup cycle after 0.0004ms - processed: 0 items - remaining: 1 items
2025-02-16 11:08:47.927 -03:00 [DBG] Starting HttpMessageHandler cleanup cycle with 1 items
2025-02-16 11:08:47.927 -03:00 [DBG] Ending HttpMessageHandler cleanup cycle after 0.0004ms - processed: 0 items - remaining: 1 items
2025-02-16 11:08:57.928 -03:00 [DBG] Starting HttpMessageHandler cleanup cycle with 1 items
2025-02-16 11:08:57.928 -03:00 [DBG] Ending HttpMessageHandler cleanup cycle after 0.0003ms - processed: 0 items - remaining: 1 items
2025-02-16 11:09:07.935 -03:00 [DBG] Starting HttpMessageHandler cleanup cycle with 1 items
2025-02-16 11:09:07.935 -03:00 [DBG] Ending HttpMessageHandler cleanup cycle after 0.0005ms - processed: 0 items - remaining: 1 items
2025-02-16 11:09:13.542 -03:00 [DBG] Disposing old connection
2025-02-16 11:09:13.542 -03:00 [DBG] Initialized new connection: OnJsonApiEvent
2025-02-16 11:09:15.590 -03:00 [DBG] Disposing old connection
2025-02-16 11:09:15.590 -03:00 [DBG] Initialized new connection: OnJsonApiEvent
2025-02-16 11:09:17.937 -03:00 [DBG] Starting HttpMessageHandler cleanup cycle with 1 items
2025-02-16 11:09:17.937 -03:00 [DBG] Ending HttpMessageHandler cleanup cycle after 0.0006ms - processed: 0 items - remaining: 1 items
2025-02-16 11:09:27.951 -03:00 [DBG] Starting HttpMessageHandler cleanup cycle with 1 items
2025-02-16 11:09:27.952 -03:00 [DBG] Ending HttpMessageHandler cleanup cycle after 0.0012ms - processed: 0 items - remaining: 1 items
2025-02-16 11:09:37.953 -03:00 [DBG] Starting HttpMessageHandler cleanup cycle with 1 items
2025-02-16 11:09:37.953 -03:00 [DBG] Ending HttpMessageHandler cleanup cycle after 0.0007ms - processed: 0 items - remaining: 1 items
2025-02-16 11:09:47.957 -03:00 [DBG] Starting HttpMessageHandler cleanup cycle with 1 items
2025-02-16 11:09:47.957 -03:00 [DBG] Ending HttpMessageHandler cleanup cycle after 0.0005ms - processed: 0 items - remaining: 1 items
2025-02-16 11:09:57.962 -03:00 [DBG] Starting HttpMessageHandler cleanup cycle with 1 items
2025-02-16 11:09:57.962 -03:00 [DBG] Ending HttpMessageHandler cleanup cycle after 0.0004ms - processed: 0 items - remaining: 1 items
2025-02-16 11:10:07.972 -03:00 [DBG] Starting HttpMessageHandler cleanup cycle with 1 items
2025-02-16 11:10:07.972 -03:00 [DBG] Ending HttpMessageHandler cleanup cycle after 0.0004ms - processed: 0 items - remaining: 1 items
2025-02-16 11:10:17.973 -03:00 [DBG] Starting HttpMessageHandler cleanup cycle with 1 items
2025-02-16 11:10:17.973 -03:00 [DBG] Ending HttpMessageHandler cleanup cycle after 0.0004ms - processed: 0 items - remaining: 1 items
2025-02-16 11:10:27.985 -03:00 [DBG] Starting HttpMessageHandler cleanup cycle with 1 items
2025-02-16 11:10:27.985 -03:00 [DBG] Ending HttpMessageHandler cleanup cycle after 0.0004ms - processed: 0 items - remaining: 1 items
2025-02-16 11:10:37.985 -03:00 [DBG] Starting HttpMessageHandler cleanup cycle with 1 items
2025-02-16 11:10:37.985 -03:00 [DBG] Ending HttpMessageHandler cleanup cycle after 0.0007ms - processed: 0 items - remaining: 1 items
2025-02-16 11:10:47.994 -03:00 [DBG] Starting HttpMessageHandler cleanup cycle with 1 items
2025-02-16 11:10:47.994 -03:00 [DBG] Ending HttpMessageHandler cleanup cycle after 0.0005ms - processed: 0 items - remaining: 1 items
2025-02-16 11:10:58.005 -03:00 [DBG] Starting HttpMessageHandler cleanup cycle with 1 items
2025-02-16 11:10:58.005 -03:00 [DBG] Ending HttpMessageHandler cleanup cycle after 0.0004ms - processed: 0 items - remaining: 1 items
